<?xml version="1.0" encoding="UTF-8"?>
<testsuite xmlns:xsi="http://www.w3.org/2001/XMLSchema-instance" xsi:noNamespaceSchemaLocation="https://maven.apache.org/surefire/maven-surefire-plugin/xsd/surefire-test-report-3.0.xsd" version="3.0" name="com.imooc.reader.service.TestServiceTest" time="0.021" tests="1" errors="0" skipped="0" failures="0">
  <properties>
[...]
</properties>
  <testcase name="batchImport" classname="com.imooc.reader.service.TestServiceTest" time="0.009">
    <system-out><![CDATA[[main] 10:05:22 DEBUG o.s.t.c.j.SpringJUnit4ClassRunner - SpringJUnit4ClassRunner constructor called with [class com.imooc.reader.service.TestServiceTest]
[main] 10:05:22 DEBUG o.s.t.context.BootstrapUtils - Instantiating CacheAwareContextLoaderDelegate from class [org.springframework.test.context.cache.DefaultCacheAwareContextLoaderDelegate]
[main] 10:05:22 DEBUG o.s.t.context.BootstrapUtils - Instantiating BootstrapContext using constructor [public org.springframework.test.context.support.DefaultBootstrapContext(java.lang.Class,org.springframework.test.context.CacheAwareContextLoaderDelegate)]
[main] 10:05:22 DEBUG o.s.t.context.BootstrapUtils - Instantiating TestContextBootstrapper for test class [com.imooc.reader.service.TestServiceTest] from class [org.springframework.test.context.support.DefaultTestContextBootstrapper]
[main] 10:05:22 DEBUG o.s.t.c.s.AbstractDelegatingSmartContextLoader - Delegating to GenericXmlContextLoader to process context configuration [ContextConfigurationAttributes@7aea704c declaringClass = 'com.imooc.reader.service.TestServiceTest', classes = '{}', locations = '{classpath:applicationContext.xml}', inheritLocations = true, initializers = '{}', inheritInitializers = true, name = [null], contextLoaderClass = 'org.springframework.test.context.ContextLoader'].
[main] 10:05:22 DEBUG o.s.t.c.s.ActiveProfilesUtils - Could not find an 'annotation declaring class' for annotation type [org.springframework.test.context.ActiveProfiles] and class [com.imooc.reader.service.TestServiceTest]
[main] 10:05:22 DEBUG o.s.t.c.s.DefaultTestContextBootstrapper - @TestExecutionListeners is not present for class [com.imooc.reader.service.TestServiceTest]: using defaults.
[main] 10:05:22 INFO  o.s.t.c.s.DefaultTestContextBootstrapper - Loaded default TestExecutionListener class names from location [META-INF/spring.factories]: [org.springframework.test.context.web.ServletTestExecutionListener, org.springframework.test.context.support.DirtiesContextBeforeModesTestExecutionListener, org.springframework.test.context.event.ApplicationEventsTestExecutionListener, org.springframework.test.context.support.DependencyInjectionTestExecutionListener, org.springframework.test.context.support.DirtiesContextTestExecutionListener, org.springframework.test.context.transaction.TransactionalTestExecutionListener, org.springframework.test.context.jdbc.SqlScriptsTestExecutionListener, org.springframework.test.context.event.EventPublishingTestExecutionListener]
[main] 10:05:22 INFO  o.s.t.c.s.DefaultTestContextBootstrapper - Using TestExecutionListeners: [org.springframework.test.context.web.ServletTestExecutionListener@6d0290d8, org.springframework.test.context.support.DirtiesContextBeforeModesTestExecutionListener@32507479, org.springframework.test.context.event.ApplicationEventsTestExecutionListener@632383b9, org.springframework.test.context.support.DependencyInjectionTestExecutionListener@4ae2e781, org.springframework.test.context.support.DirtiesContextTestExecutionListener@339f3a55, org.springframework.test.context.transaction.TransactionalTestExecutionListener@2dd63e3, org.springframework.test.context.jdbc.SqlScriptsTestExecutionListener@7d1c164a, org.springframework.test.context.event.EventPublishingTestExecutionListener@209f3887]
[main] 10:05:22 DEBUG o.s.t.a.ProfileValueUtils - Retrieved @ProfileValueSourceConfiguration [null] for test class [com.imooc.reader.service.TestServiceTest]
[main] 10:05:22 DEBUG o.s.t.a.ProfileValueUtils - Retrieved ProfileValueSource type [class org.springframework.test.annotation.SystemProfileValueSource] for class [com.imooc.reader.service.TestServiceTest]
[main] 10:05:22 DEBUG o.s.t.a.ProfileValueUtils - Retrieved @ProfileValueSourceConfiguration [null] for test class [com.imooc.reader.service.TestServiceTest]
[main] 10:05:22 DEBUG o.s.t.a.ProfileValueUtils - Retrieved ProfileValueSource type [class org.springframework.test.annotation.SystemProfileValueSource] for class [com.imooc.reader.service.TestServiceTest]
[main] 10:05:22 DEBUG o.s.t.a.ProfileValueUtils - Retrieved @ProfileValueSourceConfiguration [null] for test class [com.imooc.reader.service.TestServiceTest]
[main] 10:05:22 DEBUG o.s.t.a.ProfileValueUtils - Retrieved ProfileValueSource type [class org.springframework.test.annotation.SystemProfileValueSource] for class [com.imooc.reader.service.TestServiceTest]
[main] 10:05:22 DEBUG o.s.t.c.s.AbstractDirtiesContextTestExecutionListener - Before test class: context [DefaultTestContext@6a98f353 testClass = TestServiceTest, testInstance = [null], testMethod = [null], testException = [null], mergedContextConfiguration = [MergedContextConfiguration@3b35798 testClass = TestServiceTest, locations = '{classpath:applicationContext.xml}', classes = '{}', contextInitializerClasses = '[]', activeProfiles = '{}', propertySourceLocations = '{}', propertySourceProperties = '{}', contextCustomizers = set[[empty]], contextLoader = 'org.springframework.test.context.support.DelegatingSmartContextLoader', parent = [null]], attributes = map[[empty]]], class annotated with @DirtiesContext [false] with mode [null].
[main] 10:05:22 DEBUG o.s.t.c.c.DefaultCacheAwareContextLoaderDelegate - Retrieved ApplicationContext [1515877023] from cache with key [[MergedContextConfiguration@3b35798 testClass = TestServiceTest, locations = '{classpath:applicationContext.xml}', classes = '{}', contextInitializerClasses = '[]', activeProfiles = '{}', propertySourceLocations = '{}', propertySourceProperties = '{}', contextCustomizers = set[[empty]], contextLoader = 'org.springframework.test.context.support.DelegatingSmartContextLoader', parent = [null]]]
[main] 10:05:22 DEBUG o.s.test.context.cache - Spring test ApplicationContext cache statistics: [DefaultContextCache@4c7e978c size = 1, maxSize = 32, parentContextCount = 0, hitCount = 55, missCount = 1]
[main] 10:05:22 DEBUG o.s.t.a.ProfileValueUtils - Retrieved @ProfileValueSourceConfiguration [null] for test class [com.imooc.reader.service.TestServiceTest]
[main] 10:05:22 DEBUG o.s.t.a.ProfileValueUtils - Retrieved ProfileValueSource type [class org.springframework.test.annotation.SystemProfileValueSource] for class [com.imooc.reader.service.TestServiceTest]
[main] 10:05:22 DEBUG o.s.t.c.s.DependencyInjectionTestExecutionListener - Performing dependency injection for test context [[DefaultTestContext@6a98f353 testClass = TestServiceTest, testInstance = com.imooc.reader.service.TestServiceTest@1e00bfe2, testMethod = [null], testException = [null], mergedContextConfiguration = [MergedContextConfiguration@3b35798 testClass = TestServiceTest, locations = '{classpath:applicationContext.xml}', classes = '{}', contextInitializerClasses = '[]', activeProfiles = '{}', propertySourceLocations = '{}', propertySourceProperties = '{}', contextCustomizers = set[[empty]], contextLoader = 'org.springframework.test.context.support.DelegatingSmartContextLoader', parent = [null]], attributes = map['org.springframework.test.context.event.ApplicationEventsTestExecutionListener.recordApplicationEvents' -> false]]].
[main] 10:05:22 DEBUG o.s.t.c.c.DefaultCacheAwareContextLoaderDelegate - Retrieved ApplicationContext [1515877023] from cache with key [[MergedContextConfiguration@3b35798 testClass = TestServiceTest, locations = '{classpath:applicationContext.xml}', classes = '{}', contextInitializerClasses = '[]', activeProfiles = '{}', propertySourceLocations = '{}', propertySourceProperties = '{}', contextCustomizers = set[[empty]], contextLoader = 'org.springframework.test.context.support.DelegatingSmartContextLoader', parent = [null]]]
[main] 10:05:22 DEBUG o.s.test.context.cache - Spring test ApplicationContext cache statistics: [DefaultContextCache@4c7e978c size = 1, maxSize = 32, parentContextCount = 0, hitCount = 56, missCount = 1]
[main] 10:05:22 DEBUG o.s.t.c.c.DefaultCacheAwareContextLoaderDelegate - Retrieved ApplicationContext [1515877023] from cache with key [[MergedContextConfiguration@3b35798 testClass = TestServiceTest, locations = '{classpath:applicationContext.xml}', classes = '{}', contextInitializerClasses = '[]', activeProfiles = '{}', propertySourceLocations = '{}', propertySourceProperties = '{}', contextCustomizers = set[[empty]], contextLoader = 'org.springframework.test.context.support.DelegatingSmartContextLoader', parent = [null]]]
[main] 10:05:22 DEBUG o.s.test.context.cache - Spring test ApplicationContext cache statistics: [DefaultContextCache@4c7e978c size = 1, maxSize = 32, parentContextCount = 0, hitCount = 57, missCount = 1]
[main] 10:05:22 DEBUG o.s.t.c.s.AbstractDirtiesContextTestExecutionListener - Before test method: context [DefaultTestContext@6a98f353 testClass = TestServiceTest, testInstance = com.imooc.reader.service.TestServiceTest@1e00bfe2, testMethod = batchImport@TestServiceTest, testException = [null], mergedContextConfiguration = [MergedContextConfiguration@3b35798 testClass = TestServiceTest, locations = '{classpath:applicationContext.xml}', classes = '{}', contextInitializerClasses = '[]', activeProfiles = '{}', propertySourceLocations = '{}', propertySourceProperties = '{}', contextCustomizers = set[[empty]], contextLoader = 'org.springframework.test.context.support.DelegatingSmartContextLoader', parent = [null]], attributes = map['org.springframework.test.context.event.ApplicationEventsTestExecutionListener.recordApplicationEvents' -> false]], class annotated with @DirtiesContext [false] with mode [null], method annotated with @DirtiesContext [false] with mode [null].
[main] 10:05:22 DEBUG o.s.t.c.c.DefaultCacheAwareContextLoaderDelegate - Retrieved ApplicationContext [1515877023] from cache with key [[MergedContextConfiguration@3b35798 testClass = TestServiceTest, locations = '{classpath:applicationContext.xml}', classes = '{}', contextInitializerClasses = '[]', activeProfiles = '{}', propertySourceLocations = '{}', propertySourceProperties = '{}', contextCustomizers = set[[empty]], contextLoader = 'org.springframework.test.context.support.DelegatingSmartContextLoader', parent = [null]]]
[main] 10:05:22 DEBUG o.s.test.context.cache - Spring test ApplicationContext cache statistics: [DefaultContextCache@4c7e978c size = 1, maxSize = 32, parentContextCount = 0, hitCount = 58, missCount = 1]
[main] 10:05:22 DEBUG o.s.t.c.c.DefaultCacheAwareContextLoaderDelegate - Retrieved ApplicationContext [1515877023] from cache with key [[MergedContextConfiguration@3b35798 testClass = TestServiceTest, locations = '{classpath:applicationContext.xml}', classes = '{}', contextInitializerClasses = '[]', activeProfiles = '{}', propertySourceLocations = '{}', propertySourceProperties = '{}', contextCustomizers = set[[empty]], contextLoader = 'org.springframework.test.context.support.DelegatingSmartContextLoader', parent = [null]]]
[main] 10:05:22 DEBUG o.s.test.context.cache - Spring test ApplicationContext cache statistics: [DefaultContextCache@4c7e978c size = 1, maxSize = 32, parentContextCount = 0, hitCount = 59, missCount = 1]
[main] 10:05:22 DEBUG o.s.j.d.DataSourceTransactionManager - Creating new transaction with name [com.imooc.reader.service.TestService.batchImport]: PROPAGATION_REQUIRED,ISOLATION_DEFAULT,-java.lang.Exception
[main] 10:05:22 DEBUG o.s.j.d.DataSourceTransactionManager - Acquired Connection [com.mysql.cj.jdbc.ConnectionImpl@7a2fce12] for JDBC transaction
[main] 10:05:22 DEBUG o.s.j.d.DataSourceTransactionManager - Switching JDBC Connection [com.mysql.cj.jdbc.ConnectionImpl@7a2fce12] to manual commit
[main] 10:05:22 DEBUG o.m.spring.SqlSessionUtils - Creating a new SqlSession
[main] 10:05:22 DEBUG o.m.spring.SqlSessionUtils - Registering transaction synchronization for SqlSession [org.apache.ibatis.session.defaults.DefaultSqlSession@7ab2a07e]
[main] 10:05:22 DEBUG o.m.s.t.SpringManagedTransaction - JDBC Connection [com.mysql.cj.jdbc.ConnectionImpl@7a2fce12] will be managed by Spring
[main] 10:05:22 DEBUG c.i.r.m.T.insertSample - ==>  Preparing: insert into test(content) values('测试内容')
[main] 10:05:22 DEBUG c.i.r.m.T.insertSample - ==> Parameters: 
[main] 10:05:22 DEBUG c.i.r.m.T.insertSample - <==    Updates: 1
[main] 10:05:22 DEBUG o.m.spring.SqlSessionUtils - Releasing transactional SqlSession [org.apache.ibatis.session.defaults.DefaultSqlSession@7ab2a07e]
[main] 10:05:22 DEBUG o.m.spring.SqlSessionUtils - Fetched SqlSession [org.apache.ibatis.session.defaults.DefaultSqlSession@7ab2a07e] from current transaction
[main] 10:05:22 DEBUG c.i.r.m.T.insertSample - ==>  Preparing: insert into test(content) values('测试内容')
[main] 10:05:22 DEBUG c.i.r.m.T.insertSample - ==> Parameters: 
[main] 10:05:22 DEBUG c.i.r.m.T.insertSample - <==    Updates: 1
[main] 10:05:22 DEBUG o.m.spring.SqlSessionUtils - Releasing transactional SqlSession [org.apache.ibatis.session.defaults.DefaultSqlSession@7ab2a07e]
[main] 10:05:22 DEBUG o.m.spring.SqlSessionUtils - Fetched SqlSession [org.apache.ibatis.session.defaults.DefaultSqlSession@7ab2a07e] from current transaction
[main] 10:05:22 DEBUG c.i.r.m.T.insertSample - ==>  Preparing: insert into test(content) values('测试内容')
[main] 10:05:22 DEBUG c.i.r.m.T.insertSample - ==> Parameters: 
[main] 10:05:22 DEBUG c.i.r.m.T.insertSample - <==    Updates: 1
[main] 10:05:22 DEBUG o.m.spring.SqlSessionUtils - Releasing transactional SqlSession [org.apache.ibatis.session.defaults.DefaultSqlSession@7ab2a07e]
[main] 10:05:22 DEBUG o.m.spring.SqlSessionUtils - Fetched SqlSession [org.apache.ibatis.session.defaults.DefaultSqlSession@7ab2a07e] from current transaction
[main] 10:05:22 DEBUG c.i.r.m.T.insertSample - ==>  Preparing: insert into test(content) values('测试内容')
[main] 10:05:22 DEBUG c.i.r.m.T.insertSample - ==> Parameters: 
[main] 10:05:22 DEBUG c.i.r.m.T.insertSample - <==    Updates: 1
[main] 10:05:22 DEBUG o.m.spring.SqlSessionUtils - Releasing transactional SqlSession [org.apache.ibatis.session.defaults.DefaultSqlSession@7ab2a07e]
[main] 10:05:22 DEBUG o.m.spring.SqlSessionUtils - Fetched SqlSession [org.apache.ibatis.session.defaults.DefaultSqlSession@7ab2a07e] from current transaction
[main] 10:05:22 DEBUG c.i.r.m.T.insertSample - ==>  Preparing: insert into test(content) values('测试内容')
[main] 10:05:22 DEBUG c.i.r.m.T.insertSample - ==> Parameters: 
[main] 10:05:22 DEBUG c.i.r.m.T.insertSample - <==    Updates: 1
[main] 10:05:22 DEBUG o.m.spring.SqlSessionUtils - Releasing transactional SqlSession [org.apache.ibatis.session.defaults.DefaultSqlSession@7ab2a07e]
[main] 10:05:22 DEBUG o.m.spring.SqlSessionUtils - Transaction synchronization committing SqlSession [org.apache.ibatis.session.defaults.DefaultSqlSession@7ab2a07e]
[main] 10:05:22 DEBUG o.m.spring.SqlSessionUtils - Transaction synchronization deregistering SqlSession [org.apache.ibatis.session.defaults.DefaultSqlSession@7ab2a07e]
[main] 10:05:22 DEBUG o.m.spring.SqlSessionUtils - Transaction synchronization closing SqlSession [org.apache.ibatis.session.defaults.DefaultSqlSession@7ab2a07e]
[main] 10:05:22 DEBUG o.s.j.d.DataSourceTransactionManager - Initiating transaction commit
[main] 10:05:22 DEBUG o.s.j.d.DataSourceTransactionManager - Committing JDBC transaction on Connection [com.mysql.cj.jdbc.ConnectionImpl@7a2fce12]
[main] 10:05:22 DEBUG o.s.j.d.DataSourceTransactionManager - Releasing JDBC Connection [com.mysql.cj.jdbc.ConnectionImpl@7a2fce12] after transaction
��������ɹ�
[main] 10:05:22 DEBUG o.s.t.c.c.DefaultCacheAwareContextLoaderDelegate - Retrieved ApplicationContext [1515877023] from cache with key [[MergedContextConfiguration@3b35798 testClass = TestServiceTest, locations = '{classpath:applicationContext.xml}', classes = '{}', contextInitializerClasses = '[]', activeProfiles = '{}', propertySourceLocations = '{}', propertySourceProperties = '{}', contextCustomizers = set[[empty]], contextLoader = 'org.springframework.test.context.support.DelegatingSmartContextLoader', parent = [null]]]
[main] 10:05:22 DEBUG o.s.test.context.cache - Spring test ApplicationContext cache statistics: [DefaultContextCache@4c7e978c size = 1, maxSize = 32, parentContextCount = 0, hitCount = 60, missCount = 1]
[main] 10:05:22 DEBUG o.s.t.c.c.DefaultCacheAwareContextLoaderDelegate - Retrieved ApplicationContext [1515877023] from cache with key [[MergedContextConfiguration@3b35798 testClass = TestServiceTest, locations = '{classpath:applicationContext.xml}', classes = '{}', contextInitializerClasses = '[]', activeProfiles = '{}', propertySourceLocations = '{}', propertySourceProperties = '{}', contextCustomizers = set[[empty]], contextLoader = 'org.springframework.test.context.support.DelegatingSmartContextLoader', parent = [null]]]
[main] 10:05:22 DEBUG o.s.test.context.cache - Spring test ApplicationContext cache statistics: [DefaultContextCache@4c7e978c size = 1, maxSize = 32, parentContextCount = 0, hitCount = 61, missCount = 1]
[main] 10:05:22 DEBUG o.s.t.c.s.AbstractDirtiesContextTestExecutionListener - After test method: context [DefaultTestContext@6a98f353 testClass = TestServiceTest, testInstance = com.imooc.reader.service.TestServiceTest@1e00bfe2, testMethod = batchImport@TestServiceTest, testException = [null], mergedContextConfiguration = [MergedContextConfiguration@3b35798 testClass = TestServiceTest, locations = '{classpath:applicationContext.xml}', classes = '{}', contextInitializerClasses = '[]', activeProfiles = '{}', propertySourceLocations = '{}', propertySourceProperties = '{}', contextCustomizers = set[[empty]], contextLoader = 'org.springframework.test.context.support.DelegatingSmartContextLoader', parent = [null]], attributes = map['org.springframework.test.context.event.ApplicationEventsTestExecutionListener.recordApplicationEvents' -> false]], class annotated with @DirtiesContext [false] with mode [null], method annotated with @DirtiesContext [false] with mode [null].
]]></system-out>
  </testcase>
</testsuite>